<?xml version="1.0" encoding="UTF-8"?>
<!-- Generated by org.testng.reporters.JUnitReportReporter -->
<testsuite hostname="vennila" failures="0" tests="3" name="testNG.SampleTest" time="0.016" errors="0" timestamp="2025-02-18T16:36:40 IST" skipped="0">
  <testcase classname="testNG.SampleTest" name="createProduct" time="0.013"/>
  <testcase classname="testNG.SampleTest" name="modifyProduct" time="0.001"/>
  <testcase classname="testNG.SampleTest" name="deleteProduct" time="0.002"/>
</testsuite> <!-- testNG.SampleTest -->
