<?xml version="1.0" encoding="UTF-8"?>
<!-- Generated by org.testng.reporters.JUnitReportReporter -->
<testsuite hostname="vennila" failures="0" tests="1" name="organisation.CreateOrganizationTest" time="45.811" errors="0" timestamp="2025-03-08T00:02:45 IST" skipped="0">
  <testcase classname="organisation.CreateOrganizationTest" name="CreateOrganizationTest" time="45.811"/>
  <system-out/>
</testsuite> <!-- organisation.CreateOrganizationTest -->
