<?xml version="1.0" encoding="UTF-8"?>
<!-- Generated by org.testng.reporters.JUnitReportReporter -->
<testsuite hostname="vennila" failures="0" tests="3" name="testNG.EnabledTest" time="0.011" errors="0" timestamp="2025-02-18T16:55:19 IST" skipped="1">
  <testcase classname="testNG.EnabledTest" name="createProduct" time="0.010"/>
  <testcase classname="testNG.EnabledTest" name="deleteProduct" time="0.001"/>
  <testcase classname="testNG.EnabledTest" name="modifyProduct">
    <skipped/>
  </testcase> <!-- modifyProduct -->
</testsuite> <!-- testNG.EnabledTest -->
