<?xml version="1.0" encoding="UTF-8"?>
<!-- Generated by org.testng.reporters.JUnitReportReporter -->
<testsuite hostname="vennila" failures="0" tests="3" name="testNG.DataProviderEx1" time="0.017" errors="0" timestamp="2025-02-20T15:55:25 IST" skipped="0">
  <testcase classname="testNG.DataProviderEx1" name="bookTickets" time="0.001"/>
  <testcase classname="testNG.DataProviderEx1" name="bookTickets" time="0.015"/>
  <testcase classname="testNG.DataProviderEx1" name="bookTickets" time="0.001"/>
</testsuite> <!-- testNG.DataProviderEx1 -->
