<?xml version="1.0" encoding="UTF-8"?>
<!-- Generated by org.testng.reporters.JUnitReportReporter -->
<testsuite hostname="vennila" failures="0" tests="1" name="scenarios.BrowserNativePopUp" time="9.178" errors="0" timestamp="2025-03-04T14:32:32 IST" skipped="0">
  <testcase classname="scenarios.BrowserNativePopUp" name="notificationPopup" time="9.178"/>
  <system-out/>
</testsuite> <!-- scenarios.BrowserNativePopUp -->
