<?xml version="1.0" encoding="UTF-8"?>
<!-- Generated by org.testng.reporters.JUnitReportReporter -->
<testsuite hostname="vennila" failures="0" tests="1" name="organisation.CreateCampaignWithProductTest" time="36.523" errors="0" timestamp="2025-03-05T14:17:25 IST" skipped="0">
  <testcase classname="organisation.CreateCampaignWithProductTest" name="CreateCampaignWithProductTest" time="36.523"/>
  <system-out/>
</testsuite> <!-- organisation.CreateCampaignWithProductTest -->
