<?xml version="1.0" encoding="UTF-8"?>
<!-- Generated by org.testng.reporters.JUnitReportReporter -->
<testsuite hostname="vennila" failures="0" tests="1" name="organisation.CreateCampaignTest" time="38.156" errors="0" timestamp="2025-03-05T14:10:55 IST" skipped="0">
  <testcase classname="organisation.CreateCampaignTest" name="CreateCampaignTest" time="38.156"/>
  <system-out/>
</testsuite> <!-- organisation.CreateCampaignTest -->
