<?xml version="1.0" encoding="UTF-8"?>
<!-- Generated by org.testng.reporters.JUnitReportReporter -->
<testsuite hostname="vennila" failures="0" tests="3" name="testNG.DataProviderEx3" time="38.602" errors="0" timestamp="2025-02-21T16:55:56 IST" skipped="0">
  <testcase classname="testNG.DataProviderEx3" name="createOrganization" time="11.744"/>
  <testcase classname="testNG.DataProviderEx3" name="createOrganization" time="11.999"/>
  <testcase classname="testNG.DataProviderEx3" name="createOrganization" time="14.859"/>
</testsuite> <!-- testNG.DataProviderEx3 -->
