<?xml version="1.0" encoding="UTF-8"?>
<!-- Generated by org.testng.reporters.JUnitReportReporter -->
<testsuite hostname="vennila" failures="0" tests="1" name="organisation.CreateOrganizationTest" time="24.015" errors="0" timestamp="2025-03-05T14:18:33 IST" skipped="0">
  <testcase classname="organisation.CreateOrganizationTest" name="CreateOrganizationTest" time="24.015"/>
  <system-out/>
</testsuite> <!-- organisation.CreateOrganizationTest -->
