<?xml version="1.0" encoding="UTF-8"?>
<!-- Generated by org.testng.reporters.JUnitReportReporter -->
<testsuite hostname="vennila" failures="0" tests="3" name="testNG.DependsOnMethodsTest" time="0.015" errors="0" timestamp="2025-02-18T16:43:23 IST" skipped="0">
  <testcase classname="testNG.DependsOnMethodsTest" name="deleteProduct" time="0.002"/>
  <testcase classname="testNG.DependsOnMethodsTest" name="modifyProduct" time="0.002"/>
  <testcase classname="testNG.DependsOnMethodsTest" name="createProduct" time="0.011"/>
</testsuite> <!-- testNG.DependsOnMethodsTest -->
