<?xml version="1.0" encoding="UTF-8"?>
<!-- Generated by org.testng.reporters.JUnitReportReporter -->
<testsuite hostname="vennila" failures="0" tests="1" name="organisation.CreateProductTest" time="13.992" errors="0" timestamp="2025-03-05T14:19:06 IST" skipped="0">
  <testcase classname="organisation.CreateProductTest" name="CreateProductTest" time="13.992"/>
  <system-out/>
</testsuite> <!-- organisation.CreateProductTest -->
