<?xml version="1.0" encoding="UTF-8"?>
<!-- Generated by org.testng.reporters.JUnitReportReporter -->
<testsuite hostname="vennila" failures="0" tests="4" name="testNG.InvocationCountTest" time="0.012" errors="0" timestamp="2025-02-20T15:18:38 IST" skipped="0">
  <testcase classname="testNG.InvocationCountTest" name="modifyProduct" time="0.010"/>
  <testcase classname="testNG.InvocationCountTest" name="createProduct" time="0.002"/>
  <testcase classname="testNG.InvocationCountTest" name="createProduct" time="0.000"/>
  <testcase classname="testNG.InvocationCountTest" name="deleteProduct" time="0.000"/>
</testsuite> <!-- testNG.InvocationCountTest -->
