<?xml version="1.0" encoding="UTF-8"?>
<!-- Generated by org.testng.reporters.JUnitReportReporter -->
<testsuite hostname="vennila" failures="0" tests="1" name="organisation.CreateAndDeleteProductTest" time="12.560" errors="0" timestamp="2025-03-05T14:15:51 IST" skipped="0">
  <testcase classname="organisation.CreateAndDeleteProductTest" name="CreateAndDeleteProductTest" time="12.560"/>
  <system-out/>
</testsuite> <!-- organisation.CreateAndDeleteProductTest -->
