<?xml version="1.0" encoding="UTF-8"?>
<!-- Generated by org.testng.reporters.JUnitReportReporter -->
<testsuite hostname="vennila" failures="0" tests="3" name="testNG.DataProviderOrg" time="39.185" errors="0" timestamp="2025-02-20T22:45:32 IST" skipped="0">
  <testcase classname="testNG.DataProviderOrg" name="createOrganization" time="13.621"/>
  <testcase classname="testNG.DataProviderOrg" name="createOrganization" time="12.840"/>
  <testcase classname="testNG.DataProviderOrg" name="createOrganization" time="12.724"/>
</testsuite> <!-- testNG.DataProviderOrg -->
