<?xml version="1.0" encoding="UTF-8"?>
<!-- Generated by org.testng.reporters.JUnitReportReporter -->
<testsuite hostname="vennila" failures="0" tests="3" name="testNG.PriorityDependsOnMethodTest" time="0.017" errors="0" timestamp="2025-02-18T16:46:51 IST" skipped="0">
  <testcase classname="testNG.PriorityDependsOnMethodTest" name="modifyProduct" time="0.002"/>
  <testcase classname="testNG.PriorityDependsOnMethodTest" name="createProduct" time="0.013"/>
  <testcase classname="testNG.PriorityDependsOnMethodTest" name="deleteProduct" time="0.002"/>
</testsuite> <!-- testNG.PriorityDependsOnMethodTest -->
